# JRE version: Java(TM) SE Runtime Environment (21.0.11+9) (build 21.0.11+9-LTS-211)
# Java VM: Java HotSpot(TM) 64-Bit Server VM (21.0.11+9-LTS-211, mixed mode, sharing, tiered, compressed oops, compressed class ptrs, g1 gc, windows-amd64)
GC Precious Log:
 CardTable entry size: 512
 Card Set container configuration: InlinePtr #cards 4 size 8 Array Of Cards #cards 16 size 48 Howl #buckets 8 coarsen threshold 3686 Howl Bitmap #cards 512 size 80 coarsen threshold 460 Card regions per heap region 1 cards per card region 4096
 CPUs: 12 total, 12 available
 Memory: 15676M
 Large Page Support: Disabled
 NUMA Support: Disabled
 Compressed Oops: Enabled (Zero based)
 Heap Region Size: 2M
 Heap Min Capacity: 8M
 Heap Initial Capacity: 246M
 Heap Max Capacity: 3920M
 Pre-touch: Disabled
 Parallel Workers: 10
 Concurrent Workers: 3
 Concurrent Refinement Workers: 10
 Periodic GC: Disabled
Heap:
 garbage-first heap   total 108544K, used 51208K [0x000000070b000000, 0x0000000800000000)
  region size 2048K, 10 young (20480K), 2 survivors (4096K)
 Metaspace       used 75052K, committed 75776K, reserved 1114112K
  class space    used 10062K, committed 10368K, reserved 1048576K
GC Heap History (20 events):
Event: 1.185 GC heap before
{Heap before GC invocations=1 (full 0):
 garbage-first heap   total 251904K, used 26944K [0x000000070b000000, 0x0000000800000000)
  region size 2048K, 12 young (24576K), 2 survivors (4096K)
 Metaspace       used 8680K, committed 8896K, reserved 1114112K
  class space    used 928K, committed 1024K, reserved 1048576K
}
Event: 1.192 GC heap after
{Heap after GC invocations=2 (full 0):
 garbage-first heap   total 251904K, used 18145K [0x000000070b000000, 0x0000000800000000)
  region size 2048K, 2 young (4096K), 2 survivors (4096K)
 Metaspace       used 8680K, committed 8896K, reserved 1114112K
  class space    used 928K, committed 1024K, reserved 1048576K
}
Event: 2.219 GC heap before
{Heap before GC invocations=2 (full 0):
 garbage-first heap   total 251904K, used 52961K [0x000000070b000000, 0x0000000800000000)
  region size 2048K, 20 young (40960K), 2 survivors (4096K)
 Metaspace       used 18254K, committed 18688K, reserved 1114112K
  class space    used 2157K, committed 2368K, reserved 1048576K
}
Event: 2.224 GC heap after
{Heap after GC invocations=3 (full 0):
 garbage-first heap   total 251904K, used 21861K [0x000000070b000000, 0x0000000800000000)
  region size 2048K, 2 young (4096K), 2 survivors (4096K)
 Metaspace       used 18254K, committed 18688K, reserved 1114112K
  class space    used 2157K, committed 2368K, reserved 1048576K
}
Event: 2.397 GC heap before
{Heap before GC invocations=3 (full 0):
 garbage-first heap   total 251904K, used 30053K [0x000000070b000000, 0x0000000800000000)
  region size 2048K, 8 young (16384K), 2 survivors (4096K)
 Metaspace       used 21092K, committed 21504K, reserved 1114112K
  class space    used 2524K, committed 2688K, reserved 1048576K
}
Event: 2.401 GC heap after
{Heap after GC invocations=4 (full 0):
 garbage-first heap   total 251904K, used 22576K [0x000000070b000000, 0x0000000800000000)
  region size 2048K, 3 young (6144K), 3 survivors (6144K)
 Metaspace       used 21092K, committed 21504K, reserved 1114112K
  class space    used 2524K, committed 2688K, reserved 1048576K
}
Event: 3.328 GC heap before
{Heap before GC invocations=5 (full 0):
 garbage-first heap   total 90112K, used 67632K [0x000000070b000000, 0x0000000800000000)
  region size 2048K, 26 young (53248K), 3 survivors (6144K)
 Metaspace       used 29219K, committed 29696K, reserved 1114112K
  class space    used 3433K, committed 3648K, reserved 1048576K
}
Event: 3.340 GC heap after
{Heap after GC invocations=6 (full 0):
 garbage-first heap   total 90112K, used 26078K [0x000000070b000000, 0x0000000800000000)
  region size 2048K, 3 young (6144K), 3 survivors (6144K)
 Metaspace       used 29219K, committed 29696K, reserved 1114112K
  class space    used 3433K, committed 3648K, reserved 1048576K
}
Event: 4.608 GC heap before
{Heap before GC invocations=6 (full 0):
 garbage-first heap   total 90112K, used 62942K [0x000000070b000000, 0x0000000800000000)
  region size 2048K, 21 young (43008K), 3 survivors (6144K)
 Metaspace       used 34971K, committed 35392K, reserved 1114112K
  class space    used 4289K, committed 4480K, reserved 1048576K
}
Event: 4.618 GC heap after
{Heap after GC invocations=7 (full 0):
 garbage-first heap   total 90112K, used 25811K [0x000000070b000000, 0x0000000800000000)
  region size 2048K, 2 young (4096K), 2 survivors (4096K)
 Metaspace       used 34971K, committed 35392K, reserved 1114112K
  class space    used 4289K, committed 4480K, reserved 1048576K
}
Event: 4.711 GC heap before
{Heap before GC invocations=7 (full 0):
 garbage-first heap   total 90112K, used 27859K [0x000000070b000000, 0x0000000800000000)
  region size 2048K, 4 young (8192K), 2 survivors (4096K)
 Metaspace       used 35614K, committed 36096K, reserved 1114112K
  class space    used 4398K, committed 4608K, reserved 1048576K
}
Event: 4.715 GC heap after
{Heap after GC invocations=8 (full 0):
 garbage-first heap   total 90112K, used 25825K [0x000000070b000000, 0x0000000800000000)
  region size 2048K, 2 young (4096K), 2 survivors (4096K)
 Metaspace       used 35614K, committed 36096K, reserved 1114112K
  class space    used 4398K, committed 4608K, reserved 1048576K
}
Event: 5.695 GC heap before
{Heap before GC invocations=9 (full 0):
 garbage-first heap   total 90112K, used 64737K [0x000000070b000000, 0x0000000800000000)
  region size 2048K, 22 young (45056K), 2 survivors (4096K)
 Metaspace       used 44158K, committed 44736K, reserved 1114112K
  class space    used 5551K, committed 5824K, reserved 1048576K
}
Event: 5.699 GC heap after
{Heap after GC invocations=10 (full 0):
 garbage-first heap   total 108544K, used 29380K [0x000000070b000000, 0x0000000800000000)
  region size 2048K, 2 young (4096K), 2 survivors (4096K)
 Metaspace       used 44158K, committed 44736K, reserved 1114112K
  class space    used 5551K, committed 5824K, reserved 1048576K
}
Event: 7.200 GC heap before
{Heap before GC invocations=10 (full 0):
 garbage-first heap   total 108544K, used 84676K [0x000000070b000000, 0x0000000800000000)
  region size 2048K, 29 young (59392K), 2 survivors (4096K)
 Metaspace       used 58533K, committed 59136K, reserved 1114112K
  class space    used 7607K, committed 7872K, reserved 1048576K
}
Event: 7.205 GC heap after
{Heap after GC invocations=11 (full 0):
 garbage-first heap   total 108544K, used 33082K [0x000000070b000000, 0x0000000800000000)
  region size 2048K, 4 young (8192K), 4 survivors (8192K)
 Metaspace       used 58533K, committed 59136K, reserved 1114112K
  class space    used 7607K, committed 7872K, reserved 1048576K
}
Event: 7.267 GC heap before
{Heap before GC invocations=11 (full 0):
 garbage-first heap   total 108544K, used 35130K [0x000000070b000000, 0x0000000800000000)
  region size 2048K, 6 young (12288K), 4 survivors (8192K)
 Metaspace       used 59688K, committed 60288K, reserved 1114112K
  class space    used 7712K, committed 8000K, reserved 1048576K
}
Event: 7.271 GC heap after
{Heap after GC invocations=12 (full 0):
 garbage-first heap   total 108544K, used 34089K [0x000000070b000000, 0x0000000800000000)
  region size 2048K, 1 young (2048K), 1 survivors (2048K)
 Metaspace       used 59688K, committed 60288K, reserved 1114112K
  class space    used 7712K, committed 8000K, reserved 1048576K
}
Event: 8.373 GC heap before
{Heap before GC invocations=13 (full 0):
 garbage-first heap   total 108544K, used 87337K [0x000000070b000000, 0x0000000800000000)
  region size 2048K, 27 young (55296K), 1 survivors (2048K)
 Metaspace       used 72523K, committed 73216K, reserved 1114112K
  class space    used 9755K, committed 10048K, reserved 1048576K
}
Event: 8.376 GC heap after
{Heap after GC invocations=14 (full 0):
 garbage-first heap   total 108544K, used 36872K [0x000000070b000000, 0x0000000800000000)
  region size 2048K, 2 young (4096K), 2 survivors (4096K)
 Metaspace       used 72523K, committed 73216K, reserved 1114112K
  class space    used 9755K, committed 10048K, reserved 1048576K
}

